<?xml version="1.0" encoding="UTF-8"?>
<!-- Generated by org.testng.reporters.JUnitReportReporter -->
<testsuite hostname="DESKTOP-D1VETR9" failures="0" tests="1" name="TestngTestScriptNop.NOPLoginTest" time="10.599" errors="0" timestamp="2022-09-20T18:55:01 IST" skipped="0">
  <testcase classname="TestngTestScriptNop.NOPLoginTest" name="VerifyTitle" time="10.599"/>
  <system-out/>
</testsuite> <!-- TestngTestScriptNop.NOPLoginTest -->
