<?xml version="1.0" encoding="UTF-8"?>
<!-- Generated by org.testng.reporters.JUnitReportReporter -->
<testsuite hostname="DESKTOP-D1VETR9" failures="0" tests="2" name="testngProgms.Test2" time="0.008" errors="0" timestamp="2022-09-09T17:58:53 IST" skipped="0">
  <testcase classname="testngProgms.Test2" name="M1" time="0.007"/>
  <system-out/>
  <testcase classname="testngProgms.Test2" name="M2" time="0.001"/>
  <system-out/>
</testsuite> <!-- testngProgms.Test2 -->
