<?xml version="1.0" encoding="UTF-8"?>
<!-- Generated by org.testng.reporters.JUnitReportReporter -->
<testsuite hostname="DESKTOP-D1VETR9" failures="0" tests="3" name="testngProgms.Test8" time="48.012" errors="0" timestamp="2022-09-14T14:13:56 IST" skipped="0">
  <testcase classname="testngProgms.Test8" name="actitime" time="14.676"/>
  <system-out/>
  <testcase classname="testngProgms.Test8" name="actitime" time="16.383"/>
  <system-out/>
  <testcase classname="testngProgms.Test8" name="actitime" time="16.953"/>
  <system-out/>
</testsuite> <!-- testngProgms.Test8 -->
