<?xml version="1.0" encoding="UTF-8"?>
<!-- Generated by org.testng.reporters.JUnitReportReporter -->
<testsuite hostname="DESKTOP-D1VETR9" failures="0" tests="1" name="testngProgms.Test6" time="12.864" errors="0" timestamp="2022-09-09T18:33:57 IST" skipped="0">
  <testcase classname="testngProgms.Test6" name="facebook" time="12.864"/>
  <system-out/>
</testsuite> <!-- testngProgms.Test6 -->
