<?xml version="1.0" encoding="UTF-8"?>
<!-- Generated by org.testng.reporters.JUnitReportReporter -->
<testsuite hostname="DESKTOP-D1VETR9" failures="0" tests="1" name="testngProgms.Test1" time="0.007" errors="0" timestamp="2022-09-08T17:29:44 IST" skipped="0">
  <testcase classname="testngProgms.Test1" name="M1" time="0.007"/>
  <system-out/>
</testsuite> <!-- testngProgms.Test1 -->
