<?xml version="1.0" encoding="UTF-8"?>
<!-- Generated by org.testng.reporters.JUnitReportReporter -->
<testsuite hostname="DESKTOP-D1VETR9" failures="0" tests="3" name="testngProgms.Test8" time="43.287" errors="0" timestamp="2022-09-20T18:27:26 IST" skipped="0">
  <testcase classname="testngProgms.Test8" name="actitime" time="12.159"/>
  <system-out/>
  <testcase classname="testngProgms.Test8" name="actitime" time="13.345"/>
  <system-out/>
  <testcase classname="testngProgms.Test8" name="actitime" time="17.783"/>
  <system-out/>
</testsuite> <!-- testngProgms.Test8 -->
